Determining if the pthread_create exist failed with the following output:
Change Dir: /home/casv/eclipse-workspace/noCuda/build/CMakeFiles/CMakeTmp

Run Build Command:"/usr/bin/make" "cmTC_5048c/fast"
/usr/bin/make -f CMakeFiles/cmTC_5048c.dir/build.make CMakeFiles/cmTC_5048c.dir/build
make[1]: Entering directory '/home/casv/eclipse-workspace/noCuda/build/CMakeFiles/CMakeTmp'
Building C object CMakeFiles/cmTC_5048c.dir/CheckSymbolExists.c.o
/usr/bin/cc    -o CMakeFiles/cmTC_5048c.dir/CheckSymbolExists.c.o   -c /home/casv/eclipse-workspace/noCuda/build/CMakeFiles/CMakeTmp/CheckSymbolExists.c
Linking C executable cmTC_5048c
/usr/bin/cmake -E cmake_link_script CMakeFiles/cmTC_5048c.dir/link.txt --verbose=1
/usr/bin/cc      -rdynamic CMakeFiles/cmTC_5048c.dir/CheckSymbolExists.c.o  -o cmTC_5048c 
CMakeFiles/cmTC_5048c.dir/CheckSymbolExists.c.o: In function `main':
CheckSymbolExists.c:(.text+0x14): undefined reference to `pthread_create'
CheckSymbolExists.c:(.text+0x18): undefined reference to `pthread_create'
collect2: error: ld returned 1 exit status
CMakeFiles/cmTC_5048c.dir/build.make:97: recipe for target 'cmTC_5048c' failed
make[1]: *** [cmTC_5048c] Error 1
make[1]: Leaving directory '/home/casv/eclipse-workspace/noCuda/build/CMakeFiles/CMakeTmp'
Makefile:126: recipe for target 'cmTC_5048c/fast' failed
make: *** [cmTC_5048c/fast] Error 2

File /home/casv/eclipse-workspace/noCuda/build/CMakeFiles/CMakeTmp/CheckSymbolExists.c:
/* */
#include <pthread.h>

int main(int argc, char** argv)
{
  (void)argv;
#ifndef pthread_create
  return ((int*)(&pthread_create))[argc];
#else
  (void)argc;
  return 0;
#endif
}

Determining if the function pthread_create exists in the pthreads failed with the following output:
Change Dir: /home/casv/eclipse-workspace/noCuda/build/CMakeFiles/CMakeTmp

Run Build Command:"/usr/bin/make" "cmTC_b4f00/fast"
/usr/bin/make -f CMakeFiles/cmTC_b4f00.dir/build.make CMakeFiles/cmTC_b4f00.dir/build
make[1]: Entering directory '/home/casv/eclipse-workspace/noCuda/build/CMakeFiles/CMakeTmp'
Building C object CMakeFiles/cmTC_b4f00.dir/CheckFunctionExists.c.o
/usr/bin/cc   -DCHECK_FUNCTION_EXISTS=pthread_create   -o CMakeFiles/cmTC_b4f00.dir/CheckFunctionExists.c.o   -c /usr/share/cmake-3.10/Modules/CheckFunctionExists.c
Linking C executable cmTC_b4f00
/usr/bin/cmake -E cmake_link_script CMakeFiles/cmTC_b4f00.dir/link.txt --verbose=1
/usr/bin/cc  -DCHECK_FUNCTION_EXISTS=pthread_create    -rdynamic CMakeFiles/cmTC_b4f00.dir/CheckFunctionExists.c.o  -o cmTC_b4f00 -lpthreads 
/usr/bin/ld: cannot find -lpthreads
collect2: error: ld returned 1 exit status
CMakeFiles/cmTC_b4f00.dir/build.make:97: recipe for target 'cmTC_b4f00' failed
make[1]: *** [cmTC_b4f00] Error 1
make[1]: Leaving directory '/home/casv/eclipse-workspace/noCuda/build/CMakeFiles/CMakeTmp'
Makefile:126: recipe for target 'cmTC_b4f00/fast' failed
make: *** [cmTC_b4f00/fast] Error 2


Determining if the pthread_create exist failed with the following output:
Change Dir: /home/casv/eclipse-workspace/Cuda/build/CMakeFiles/CMakeTmp

Run Build Command:"/usr/bin/make" "cmTC_77124/fast"
/usr/bin/make -f CMakeFiles/cmTC_77124.dir/build.make CMakeFiles/cmTC_77124.dir/build
make[1]: Entering directory '/home/casv/eclipse-workspace/Cuda/build/CMakeFiles/CMakeTmp'
Building C object CMakeFiles/cmTC_77124.dir/CheckSymbolExists.c.o
/usr/bin/cc    -o CMakeFiles/cmTC_77124.dir/CheckSymbolExists.c.o   -c /home/casv/eclipse-workspace/Cuda/build/CMakeFiles/CMakeTmp/CheckSymbolExists.c
Linking C executable cmTC_77124
/usr/bin/cmake -E cmake_link_script CMakeFiles/cmTC_77124.dir/link.txt --verbose=1
/usr/bin/cc      -rdynamic CMakeFiles/cmTC_77124.dir/CheckSymbolExists.c.o  -o cmTC_77124 
CMakeFiles/cmTC_77124.dir/CheckSymbolExists.c.o: In function `main':
CheckSymbolExists.c:(.text+0x14): undefined reference to `pthread_create'
CheckSymbolExists.c:(.text+0x18): undefined reference to `pthread_create'
collect2: error: ld returned 1 exit status
CMakeFiles/cmTC_77124.dir/build.make:97: recipe for target 'cmTC_77124' failed
make[1]: *** [cmTC_77124] Error 1
make[1]: Leaving directory '/home/casv/eclipse-workspace/Cuda/build/CMakeFiles/CMakeTmp'
Makefile:126: recipe for target 'cmTC_77124/fast' failed
make: *** [cmTC_77124/fast] Error 2

File /home/casv/eclipse-workspace/Cuda/build/CMakeFiles/CMakeTmp/CheckSymbolExists.c:
/* */
#include <pthread.h>

int main(int argc, char** argv)
{
  (void)argv;
#ifndef pthread_create
  return ((int*)(&pthread_create))[argc];
#else
  (void)argc;
  return 0;
#endif
}

Determining if the function pthread_create exists in the pthreads failed with the following output:
Change Dir: /home/casv/eclipse-workspace/Cuda/build/CMakeFiles/CMakeTmp

Run Build Command:"/usr/bin/make" "cmTC_1f01b/fast"
/usr/bin/make -f CMakeFiles/cmTC_1f01b.dir/build.make CMakeFiles/cmTC_1f01b.dir/build
make[1]: Entering directory '/home/casv/eclipse-workspace/Cuda/build/CMakeFiles/CMakeTmp'
Building C object CMakeFiles/cmTC_1f01b.dir/CheckFunctionExists.c.o
/usr/bin/cc   -DCHECK_FUNCTION_EXISTS=pthread_create   -o CMakeFiles/cmTC_1f01b.dir/CheckFunctionExists.c.o   -c /usr/share/cmake-3.10/Modules/CheckFunctionExists.c
Linking C executable cmTC_1f01b
/usr/bin/cmake -E cmake_link_script CMakeFiles/cmTC_1f01b.dir/link.txt --verbose=1
/usr/bin/cc  -DCHECK_FUNCTION_EXISTS=pthread_create    -rdynamic CMakeFiles/cmTC_1f01b.dir/CheckFunctionExists.c.o  -o cmTC_1f01b -lpthreads 
/usr/bin/ld: cannot find -lpthreads
collect2: error: ld returned 1 exit status
CMakeFiles/cmTC_1f01b.dir/build.make:97: recipe for target 'cmTC_1f01b' failed
make[1]: *** [cmTC_1f01b] Error 1
make[1]: Leaving directory '/home/casv/eclipse-workspace/Cuda/build/CMakeFiles/CMakeTmp'
Makefile:126: recipe for target 'cmTC_1f01b/fast' failed
make: *** [cmTC_1f01b/fast] Error 2


Determining if the pthread_create exist failed with the following output:
Change Dir: /home/casv/new-eclipse-workspace/CudaOnly/build/CMakeFiles/CMakeTmp

Run Build Command:"/usr/bin/make" "cmTC_93f2e/fast"
/usr/bin/make -f CMakeFiles/cmTC_93f2e.dir/build.make CMakeFiles/cmTC_93f2e.dir/build
make[1]: Entering directory '/home/casv/new-eclipse-workspace/CudaOnly/build/CMakeFiles/CMakeTmp'
Building C object CMakeFiles/cmTC_93f2e.dir/CheckSymbolExists.c.o
/usr/bin/cc    -o CMakeFiles/cmTC_93f2e.dir/CheckSymbolExists.c.o   -c /home/casv/new-eclipse-workspace/CudaOnly/build/CMakeFiles/CMakeTmp/CheckSymbolExists.c
Linking C executable cmTC_93f2e
/usr/bin/cmake -E cmake_link_script CMakeFiles/cmTC_93f2e.dir/link.txt --verbose=1
/usr/bin/cc      -rdynamic CMakeFiles/cmTC_93f2e.dir/CheckSymbolExists.c.o  -o cmTC_93f2e 
CMakeFiles/cmTC_93f2e.dir/CheckSymbolExists.c.o: In function `main':
CheckSymbolExists.c:(.text+0x14): undefined reference to `pthread_create'
CheckSymbolExists.c:(.text+0x18): undefined reference to `pthread_create'
collect2: error: ld returned 1 exit status
CMakeFiles/cmTC_93f2e.dir/build.make:97: recipe for target 'cmTC_93f2e' failed
make[1]: *** [cmTC_93f2e] Error 1
make[1]: Leaving directory '/home/casv/new-eclipse-workspace/CudaOnly/build/CMakeFiles/CMakeTmp'
Makefile:126: recipe for target 'cmTC_93f2e/fast' failed
make: *** [cmTC_93f2e/fast] Error 2

File /home/casv/new-eclipse-workspace/CudaOnly/build/CMakeFiles/CMakeTmp/CheckSymbolExists.c:
/* */
#include <pthread.h>

int main(int argc, char** argv)
{
  (void)argv;
#ifndef pthread_create
  return ((int*)(&pthread_create))[argc];
#else
  (void)argc;
  return 0;
#endif
}

Determining if the function pthread_create exists in the pthreads failed with the following output:
Change Dir: /home/casv/new-eclipse-workspace/CudaOnly/build/CMakeFiles/CMakeTmp

Run Build Command:"/usr/bin/make" "cmTC_2484f/fast"
/usr/bin/make -f CMakeFiles/cmTC_2484f.dir/build.make CMakeFiles/cmTC_2484f.dir/build
make[1]: Entering directory '/home/casv/new-eclipse-workspace/CudaOnly/build/CMakeFiles/CMakeTmp'
Building C object CMakeFiles/cmTC_2484f.dir/CheckFunctionExists.c.o
/usr/bin/cc   -DCHECK_FUNCTION_EXISTS=pthread_create   -o CMakeFiles/cmTC_2484f.dir/CheckFunctionExists.c.o   -c /usr/share/cmake-3.10/Modules/CheckFunctionExists.c
Linking C executable cmTC_2484f
/usr/bin/cmake -E cmake_link_script CMakeFiles/cmTC_2484f.dir/link.txt --verbose=1
/usr/bin/cc  -DCHECK_FUNCTION_EXISTS=pthread_create    -rdynamic CMakeFiles/cmTC_2484f.dir/CheckFunctionExists.c.o  -o cmTC_2484f -lpthreads 
/usr/bin/ld: cannot find -lpthreads
collect2: error: ld returned 1 exit status
CMakeFiles/cmTC_2484f.dir/build.make:97: recipe for target 'cmTC_2484f' failed
make[1]: *** [cmTC_2484f] Error 1
make[1]: Leaving directory '/home/casv/new-eclipse-workspace/CudaOnly/build/CMakeFiles/CMakeTmp'
Makefile:126: recipe for target 'cmTC_2484f/fast' failed
make: *** [cmTC_2484f/fast] Error 2


